Arguments: 
  D:\Programy\node-js\node.exe C:\Users\kubas\AppData\Roaming\npm\node_modules\yarn\bin\yarn.js run main

PATH: 
  I:\Programy\ImageMagick-7.1.0;C:\Program Files (x86)\NVIDIA Corporation\PhysX\Common;C:\Program Files\AdoptOpenJDK\jdk-11.0.4.11-hotspot\bin;C:\Program Files (x86)\Common Files\Oracle\Java\javapath;C:\Program Files (x86)\Intel\Intel(R) Management Engine Components\iCLS\;C:\Program Files\Intel\Intel(R) Management Engine Components\iCLS\;C:\Windows\system32;C:\Windows;C:\Windows\System32\Wbem;C:\Windows\System32\WindowsPowerShell\v1.0\;C:\Windows\System32\OpenSSH\;C:\Program Files (x86)\Intel\Intel(R) Management Engine Components\DAL;C:\Program Files\Intel\Intel(R) Management Engine Components\DAL;C:\Program Files (x86)\Intel\Intel(R) Management Engine Components\IPT;C:\Program Files\Intel\Intel(R) Management Engine Components\IPT;D:\Programy\Lingo\;C:\Program Files\NVIDIA Corporation\NVIDIA NvDLISR;D:\Programy\Puty\;C:\WINDOWS\system32;C:\WINDOWS;C:\WINDOWS\System32\Wbem;C:\WINDOWS\System32\WindowsPowerShell\v1.0\;C:\WINDOWS\System32\OpenSSH\;I:\Programy\Graphviz\bin;C:\Program Files\Git\cmd;D:\Programy\node-js\;C:\Program Files (x86)\dotnet\;C:\Users\kubas\AppData\Local\Programs\Python\Python39\Scripts\;C:\Users\kubas\AppData\Local\Programs\Python\Python39\;C:\Users\kubas\AppData\Local\Microsoft\WindowsApps;D:\Programy\IntelliJ IDEA Community Edition 2019.2.2\bin;;C:\Program Files\JetBrains\IntelliJ IDEA 193.4778.7\bin;;C:\Program Files\JetBrains\PhpStorm 2019.3.3\bin;;D:\tex\texlive\bin\win32;C:\Users\kubas\AppData\Roaming\npm

Yarn version: 
  1.22.19

Node version: 
  16.14.0

Platform: 
  win32 x64

Trace: 
  Error: Potentially dangerous call to "index" in D:\Dokumenty disk D\web projekty\ass-to-srt
      at validate (C:\Users\kubas\AppData\Roaming\npm\node_modules\yarn\lib\cli.js:25662:15)
      at C:\Users\kubas\AppData\Roaming\npm\node_modules\yarn\lib\cli.js:25730:7
      at new Promise (<anonymous>)
      at new F (C:\Users\kubas\AppData\Roaming\npm\node_modules\yarn\lib\cli.js:5305:28)
      at C:\Users\kubas\AppData\Roaming\npm\node_modules\yarn\lib\cli.js:25729:12
      at run (C:\Users\kubas\AppData\Roaming\npm\node_modules\yarn\lib\cli.js:43184:7)
      at BlockingQueue.maybePushConcurrencyQueue (C:\Users\kubas\AppData\Roaming\npm\node_modules\yarn\lib\cli.js:43199:7)
      at BlockingQueue.shift (C:\Users\kubas\AppData\Roaming\npm\node_modules\yarn\lib\cli.js:43194:10)
      at C:\Users\kubas\AppData\Roaming\npm\node_modules\yarn\lib\cli.js:43138:15
      at new Promise (<anonymous>)

npm manifest: 
  {
    "name": "ass-to-srt",
    "version": "1.0.0",
    "main": "index.js",
    "author": "Haikner",
    "license": "MIT",
    "scripts": {
      "main": "index"
    }
  }

yarn manifest: 
  No manifest

Lockfile: 
  No lockfile
